  LearningCpp1.cpp
C:\Users\mcaglar\source\repos\LearningCpp1\LearningCpp1\LearningCpp1.cpp(21,22): warning C4244: 'argument': conversion from 'time_t' to 'unsigned int', possible loss of data
C:\Users\mcaglar\source\repos\LearningCpp1\LearningCpp1\LearningCpp1.cpp(111,20): warning C4267: 'argument': conversion from 'size_t' to 'const _Ty', possible loss of data
          with
          [
              _Ty=int
          ]
C:\Users\mcaglar\source\repos\LearningCpp1\LearningCpp1\LearningCpp1.cpp(114,42): warning C4267: 'initializing': conversion from 'size_t' to 'int', possible loss of data
C:\Users\mcaglar\source\repos\LearningCpp1\LearningCpp1\LearningCpp1.cpp(115,44): warning C4267: 'initializing': conversion from 'size_t' to 'int', possible loss of data
  MyMath.cpp
  Running Code Analysis for C/C++...
  Generating Code...
CLANGTIDY : warning : argument unused during compilation: '/ZI' [clang-diagnostic-unused-command-line-argument]
C:\Users\mcaglar\source\repos\LearningCpp1\LearningCpp1\LearningCpp1.cpp(25,42): warning GD51492D2: illegal character encoding in string literal [clang-diagnostic-invalid-source-encoding]
          std::cout << "Hello World!\n Mustafa Sel<E7>uk";
                                                  ^~~~
C:\Users\mcaglar\source\repos\LearningCpp1\LearningCpp1\LearningCpp1.cpp(181,33): warning GD51492D2: illegal character encoding in string literal [clang-diagnostic-invalid-source-encoding]
          std::cout << "\nc++ ve ++c fark<FD>\n";
                                         ^~~~
C:\Users\mcaglar\source\repos\LearningCpp1\LearningCpp1\LearningCpp1.cpp(201,7): warning G36456E0F: Value stored to 'result' during its initialization is never read [clang-analyzer-deadcode.DeadStores]
          auto result = Add(5, 3);
               ^~~~~~   ~~~~~~~~~
  C:\Users\mcaglar\source\repos\LearningCpp1\LearningCpp1\LearningCpp1.cpp:201:7: note: Value stored to 'result' during its initialization is never read
          auto result = Add(5, 3);
               ^~~~~~   ~~~~~~~~~
C:\Users\mcaglar\source\repos\LearningCpp1\LearningCpp1\LearningCpp1.cpp(201,7): warning G41AE70B8: unused variable 'result' [clang-diagnostic-unused-variable]
          auto result = Add(5, 3);
               ^
  LearningCpp1.vcxproj -> C:\Users\mcaglar\source\repos\LearningCpp1\x64\Debug\LearningCpp1.exe
